<?xml version="1.0" encoding="UTF-8"?>
<!-- Generated by org.testng.reporters.JUnitReportReporter -->
<testsuite hostname="DESKTOP-DQN0RRE" failures="0" tests="1" name="com.magento.testcases.EditAccountInfoTest" time="11.104" errors="0" timestamp="2021-07-06T20:46:32 IST" skipped="0">
  <testcase classname="com.magento.testcases.EditAccountInfoTest" name="EditAccountInformation" time="11.104"/>
  <system-out/>
</testsuite> <!-- com.magento.testcases.EditAccountInfoTest -->
