<?xml version="1.0" encoding="UTF-8"?>
<!-- Generated by org.testng.reporters.JUnitReportReporter -->
<testsuite hostname="LAPTOP-44D1K3VL" failures="0" tests="1" name="com.purnadata.testcases.InventoryTest" time="4.536" errors="0" timestamp="25 May 2022 16:05:57 GMT" skipped="0">
  <testcase classname="com.purnadata.testcases.InventoryTest" name="addInventorySuccessTest" time="4.536"/>
</testsuite> <!-- com.purnadata.testcases.InventoryTest -->
